[0m16:21:15.582354 [debug] [MainThread]: Sending event: {'category': 'dbt', 'action': 'invocation', 'label': 'start', 'context': [<snowplow_tracker.self_describing_json.SelfDescribingJson object at 0x00000266540F7950>, <snowplow_tracker.self_describing_json.SelfDescribingJson object at 0x0000026657776B50>, <snowplow_tracker.self_describing_json.SelfDescribingJson object at 0x00000266589F78D0>]}


============================== 16:21:15.586357 | cef65e73-9c06-4ccb-b615-d931ef695dd6 ==============================
[0m16:21:15.586357 [info ] [MainThread]: Running with dbt=1.11.8
[0m16:21:15.587358 [debug] [MainThread]: running dbt with arguments {'static_parser': 'True', 'no_print': 'None', 'version_check': 'True', 'warn_error_options': 'WarnErrorOptionsV2(error=[], warn=[], silence=[])', 'target_path': 'None', 'printer_width': '80', 'write_json': 'True', 'empty': 'None', 'log_cache_events': 'False', 'introspect': 'True', 'cache_selected_only': 'False', 'fail_fast': 'False', 'debug': 'False', 'log_format': 'default', 'partial_parse': 'True', 'send_anonymous_usage_stats': 'True', 'quiet': 'False', 'warn_error': 'None', 'profiles_dir': 'C:\\Users\\ruhan\\.dbt', 'use_colors': 'True', 'invocation_command': 'dbt init finflow_dbt', 'indirect_selection': 'eager', 'use_experimental_parser': 'False', 'log_path': 'logs'}
[0m16:21:15.611340 [info ] [MainThread]: Creating dbt configuration folder at C:\Users\ruhan\.dbt
[0m16:21:15.616230 [debug] [MainThread]: Starter project path: C:\Users\ruhan\AppData\Local\Programs\Python\Python311\Lib\site-packages\dbt\include\starter_project
[0m16:21:15.647507 [info ] [MainThread]: 
Your new dbt project "finflow_dbt" was created!

For more information on how to configure the profiles.yml file,
please consult the dbt documentation here:

  https://docs.getdbt.com/docs/configure-your-profile

One more thing:

Need help? Don't hesitate to reach out to us via GitHub issues or on Slack:

  https://community.getdbt.com/

Happy modeling!

[0m16:21:15.649504 [info ] [MainThread]: Setting up your profile.
[0m16:21:34.368250 [debug] [MainThread]: Snowflake adapter: Setting snowflake.connector to ERROR (file logging only)
[0m16:21:34.369248 [debug] [MainThread]: Snowflake adapter: Setting botocore to ERROR (file logging only)
[0m16:21:34.369248 [debug] [MainThread]: Snowflake adapter: Setting boto3 to ERROR (file logging only)
[0m16:25:15.208356 [info ] [MainThread]: Profile finflow_dbt written to C:\Users\ruhan\.dbt\profiles.yml using target's profile_template.yml and your supplied values. Run 'dbt debug' to validate the connection.
[0m16:25:15.211360 [debug] [MainThread]: Command `dbt init` succeeded at 16:25:15.210357 after 239.72 seconds
[0m16:25:15.212161 [debug] [MainThread]: Sending event: {'category': 'dbt', 'action': 'invocation', 'label': 'end', 'context': [<snowplow_tracker.self_describing_json.SelfDescribingJson object at 0x00000266579CEB50>, <snowplow_tracker.self_describing_json.SelfDescribingJson object at 0x0000026650BAAD10>, <snowplow_tracker.self_describing_json.SelfDescribingJson object at 0x0000026650BAAE50>]}
[0m16:25:15.214189 [debug] [MainThread]: Flushing usage events
[0m16:25:17.337861 [debug] [MainThread]: An error was encountered while trying to flush usage events
[0m17:16:37.787272 [debug] [MainThread]: Sending event: {'category': 'dbt', 'action': 'invocation', 'label': 'start', 'context': [<snowplow_tracker.self_describing_json.SelfDescribingJson object at 0x00000141FAF67090>, <snowplow_tracker.self_describing_json.SelfDescribingJson object at 0x00000141F99AD450>, <snowplow_tracker.self_describing_json.SelfDescribingJson object at 0x00000141FF8D35D0>]}


============================== 17:16:37.790274 | b1695d16-66de-420f-8239-914393558eea ==============================
[0m17:16:37.790274 [info ] [MainThread]: Running with dbt=1.11.8
[0m17:16:37.791273 [debug] [MainThread]: running dbt with arguments {'static_parser': 'True', 'no_print': 'None', 'version_check': 'True', 'target_path': 'None', 'warn_error_options': 'WarnErrorOptionsV2(error=[], warn=[], silence=[])', 'printer_width': '80', 'write_json': 'True', 'introspect': 'True', 'log_cache_events': 'False', 'empty': 'False', 'cache_selected_only': 'False', 'fail_fast': 'False', 'debug': 'False', 'log_format': 'default', 'profiles_dir': 'C:\\Users\\ruhan\\.dbt', 'send_anonymous_usage_stats': 'True', 'quiet': 'False', 'warn_error': 'None', 'partial_parse': 'True', 'invocation_command': 'dbt run --select stg_stock_prices', 'indirect_selection': 'eager', 'use_colors': 'True', 'use_experimental_parser': 'False', 'log_path': 'logs'}
[0m17:16:37.792854 [error] [MainThread]: Encountered an error:
Runtime Error
  No dbt_project.yml found at expected path C:\Users\ruhan\OneDrive\Desktop\finflow\dbt_project.yml
  Verify that each entry within packages.yml (and their transitive dependencies) contains a file named dbt_project.yml
  
[0m17:16:37.792854 [debug] [MainThread]: Command `dbt run` failed at 17:16:37.792854 after 0.08 seconds
[0m17:16:37.794125 [debug] [MainThread]: Sending event: {'category': 'dbt', 'action': 'invocation', 'label': 'end', 'context': [<snowplow_tracker.self_describing_json.SelfDescribingJson object at 0x00000141FF8FBFD0>, <snowplow_tracker.self_describing_json.SelfDescribingJson object at 0x00000141FF8FBED0>, <snowplow_tracker.self_describing_json.SelfDescribingJson object at 0x00000141FF8D3C50>]}
[0m17:16:37.794125 [debug] [MainThread]: Flushing usage events
[0m17:16:39.112725 [debug] [MainThread]: An error was encountered while trying to flush usage events
